[0.016s] Invoking command in '/home/omarwaleed/Desktop/project/component/Torpedo-ROVER/web-gui/build/rosbridge_msgs': CMAKE_PREFIX_PATH=/home/omarwaleed/turtle_catch_ws/install/turtle_catch:/opt/ros/humble /usr/bin/cmake /home/omarwaleed/Desktop/project/component/Torpedo-ROVER/web-gui/rosbridge_suite/rosbridge_msgs -DCMAKE_INSTALL_PREFIX=/home/omarwaleed/Desktop/project/component/Torpedo-ROVER/web-gui/install/rosbridge_msgs
[1.360s] -- The C compiler identification is GNU 11.4.0
[1.938s] -- The CXX compiler identification is GNU 11.4.0
[1.951s] -- Detecting C compiler ABI info
[2.121s] -- Detecting C compiler ABI info - done
[2.141s] -- Check for working C compiler: /usr/bin/cc - skipped
[2.142s] -- Detecting C compile features
[2.144s] -- Detecting C compile features - done
[2.149s] -- Detecting CXX compiler ABI info
[2.328s] -- Detecting CXX compiler ABI info - done
[2.356s] -- Check for working CXX compiler: /usr/bin/c++ - skipped
[2.357s] -- Detecting CXX compile features
[2.358s] -- Detecting CXX compile features - done
[2.624s] -- Found ament_cmake_ros: 0.10.0 (/opt/ros/humble/share/ament_cmake_ros/cmake)
[2.922s] -- Found Python3: /usr/bin/python3 (found version "3.10.12") found components: Interpreter 
[3.352s] -- Found builtin_interfaces: 1.2.1 (/opt/ros/humble/share/builtin_interfaces/cmake)
[3.497s] -- Found rosidl_generator_c: 3.1.5 (/opt/ros/humble/share/rosidl_generator_c/cmake)
[3.555s] -- Found rosidl_adapter: 3.1.5 (/opt/ros/humble/share/rosidl_adapter/cmake)
[3.605s] -- Found rosidl_generator_cpp: 3.1.5 (/opt/ros/humble/share/rosidl_generator_cpp/cmake)
[3.705s] -- Using all available rosidl_typesupport_c: rosidl_typesupport_fastrtps_c;rosidl_typesupport_introspection_c
[3.804s] -- Using all available rosidl_typesupport_cpp: rosidl_typesupport_fastrtps_cpp;rosidl_typesupport_introspection_cpp
[3.949s] -- Found rosidl_default_generators: 1.2.0 (/opt/ros/humble/share/rosidl_default_generators/cmake)
[4.516s] Invoked command in '/home/omarwaleed/Desktop/project/component/Torpedo-ROVER/web-gui/build/rosbridge_msgs' returned '-2': CMAKE_PREFIX_PATH=/home/omarwaleed/turtle_catch_ws/install/turtle_catch:/opt/ros/humble /usr/bin/cmake /home/omarwaleed/Desktop/project/component/Torpedo-ROVER/web-gui/rosbridge_suite/rosbridge_msgs -DCMAKE_INSTALL_PREFIX=/home/omarwaleed/Desktop/project/component/Torpedo-ROVER/web-gui/install/rosbridge_msgs
[4.621s] Traceback (most recent call last):
  File "/usr/lib/python3/dist-packages/colcon_parallel_executor/executor/parallel.py", line 75, in execute
    loop.run_until_complete(future)
  File "/usr/lib/python3.10/asyncio/base_events.py", line 636, in run_until_complete
    self.run_forever()
  File "/usr/lib/python3.10/asyncio/base_events.py", line 603, in run_forever
    self._run_once()
  File "/usr/lib/python3.10/asyncio/base_events.py", line 1871, in _run_once
    event_list = self._selector.select(timeout)
  File "/usr/lib/python3.10/selectors.py", line 469, in select
    fd_event_list = self._selector.poll(timeout, max_ev)
KeyboardInterrupt

During handling of the above exception, another exception occurred:

Traceback (most recent call last):
  File "/usr/lib/python3/dist-packages/colcon_core/executor/__init__.py", line 91, in __call__
    rc = await self.task(*args, **kwargs)
  File "/usr/lib/python3/dist-packages/colcon_core/task/__init__.py", line 93, in __call__
    return await task_method(*args, **kwargs)
  File "/usr/lib/python3/dist-packages/colcon_ros/task/ament_cmake/build.py", line 59, in build
    rc = await extension.build(
  File "/usr/lib/python3/dist-packages/colcon_cmake/task/cmake/build.py", line 87, in build
    rc = await self._reconfigure(args, env)
  File "/usr/lib/python3/dist-packages/colcon_cmake/task/cmake/build.py", line 182, in _reconfigure
    buildfile = get_buildfile(cmake_cache)
  File "/usr/lib/python3/dist-packages/colcon_cmake/task/cmake/__init__.py", line 114, in get_buildfile
    if 'Visual Studio' in generator:
TypeError: argument of type 'NoneType' is not iterable
