[0.000000] (-) TimerEvent: {}
[0.000318] (rosapi_msgs) JobQueued: {'identifier': 'rosapi_msgs', 'dependencies': OrderedDict()}
[0.000675] (rosbridge_msgs) JobQueued: {'identifier': 'rosbridge_msgs', 'dependencies': OrderedDict()}
[0.000702] (rosbridge_test_msgs) JobQueued: {'identifier': 'rosbridge_test_msgs', 'dependencies': OrderedDict()}
[0.000721] (rosbridge_library) JobQueued: {'identifier': 'rosbridge_library', 'dependencies': OrderedDict([('rosbridge_test_msgs', '/home/omarwaleed/Desktop/project/component/Torpedo-ROVER/web-gui/install/rosbridge_test_msgs')])}
[0.000741] (rosapi) JobQueued: {'identifier': 'rosapi', 'dependencies': OrderedDict([('rosapi_msgs', '/home/omarwaleed/Desktop/project/component/Torpedo-ROVER/web-gui/install/rosapi_msgs'), ('rosbridge_test_msgs', '/home/omarwaleed/Desktop/project/component/Torpedo-ROVER/web-gui/install/rosbridge_test_msgs'), ('rosbridge_library', '/home/omarwaleed/Desktop/project/component/Torpedo-ROVER/web-gui/install/rosbridge_library')])}
[0.000763] (rosbridge_server) JobQueued: {'identifier': 'rosbridge_server', 'dependencies': OrderedDict([('rosapi_msgs', '/home/omarwaleed/Desktop/project/component/Torpedo-ROVER/web-gui/install/rosapi_msgs'), ('rosbridge_msgs', '/home/omarwaleed/Desktop/project/component/Torpedo-ROVER/web-gui/install/rosbridge_msgs'), ('rosbridge_test_msgs', '/home/omarwaleed/Desktop/project/component/Torpedo-ROVER/web-gui/install/rosbridge_test_msgs'), ('rosbridge_library', '/home/omarwaleed/Desktop/project/component/Torpedo-ROVER/web-gui/install/rosbridge_library'), ('rosapi', '/home/omarwaleed/Desktop/project/component/Torpedo-ROVER/web-gui/install/rosapi')])}
[0.000793] (rosbridge_suite) JobQueued: {'identifier': 'rosbridge_suite', 'dependencies': OrderedDict([('rosapi_msgs', '/home/omarwaleed/Desktop/project/component/Torpedo-ROVER/web-gui/install/rosapi_msgs'), ('rosbridge_msgs', '/home/omarwaleed/Desktop/project/component/Torpedo-ROVER/web-gui/install/rosbridge_msgs'), ('rosbridge_test_msgs', '/home/omarwaleed/Desktop/project/component/Torpedo-ROVER/web-gui/install/rosbridge_test_msgs'), ('rosbridge_library', '/home/omarwaleed/Desktop/project/component/Torpedo-ROVER/web-gui/install/rosbridge_library'), ('rosapi', '/home/omarwaleed/Desktop/project/component/Torpedo-ROVER/web-gui/install/rosapi'), ('rosbridge_server', '/home/omarwaleed/Desktop/project/component/Torpedo-ROVER/web-gui/install/rosbridge_server')])}
[0.000820] (rosbridge_test_msgs) JobStarted: {'identifier': 'rosbridge_test_msgs'}
[0.033188] (rosapi_msgs) JobStarted: {'identifier': 'rosapi_msgs'}
[0.037094] (rosbridge_msgs) JobStarted: {'identifier': 'rosbridge_msgs'}
[0.043090] (rosbridge_test_msgs) JobProgress: {'identifier': 'rosbridge_test_msgs', 'progress': 'cmake'}
[0.043428] (rosbridge_test_msgs) Command: {'cmd': ['/usr/bin/cmake', '/home/omarwaleed/Desktop/project/component/Torpedo-ROVER/web-gui/rosbridge_suite/rosbridge_test_msgs', '-DCMAKE_INSTALL_PREFIX=/home/omarwaleed/Desktop/project/component/Torpedo-ROVER/web-gui/install/rosbridge_test_msgs'], 'cwd': '/home/omarwaleed/Desktop/project/component/Torpedo-ROVER/web-gui/build/rosbridge_test_msgs', 'env': OrderedDict([('LESSOPEN', '| /usr/bin/lesspipe %s'), ('USER', 'omarwaleed'), ('LC_TIME', 'ar_EG.UTF-8'), ('XDG_SESSION_TYPE', 'wayland'), ('SHLVL', '1'), ('LD_LIBRARY_PATH', '/opt/ros/humble/opt/rviz_ogre_vendor/lib:/opt/ros/humble/lib/x86_64-linux-gnu:/opt/ros/humble/lib'), ('HOME', '/home/omarwaleed'), ('DESKTOP_SESSION', 'ubuntu'), ('ROS_PYTHON_VERSION', '3'), ('GNOME_SHELL_SESSION_MODE', 'ubuntu'), ('GTK_MODULES', 'gail:atk-bridge'), ('LC_MONETARY', 'ar_EG.UTF-8'), ('DBUS_STARTER_BUS_TYPE', 'session'), ('SYSTEMD_EXEC_PID', '1931'), ('DBUS_SESSION_BUS_ADDRESS', 'unix:path=/run/user/1000/bus,guid=4280bead789e683c8cb8a1f167079189'), ('COLORTERM', 'truecolor'), ('IM_CONFIG_PHASE', '1'), ('WAYLAND_DISPLAY', 'wayland-0'), ('COLCON_PREFIX_PATH', '/home/omarwaleed/turtle_catch_ws/install'), ('ROS_DISTRO', 'humble'), ('LOGNAME', 'omarwaleed'), ('_', '/usr/bin/colcon'), ('ROS_VERSION', '2'), ('XDG_SESSION_CLASS', 'user'), ('USERNAME', 'omarwaleed'), ('TERM', 'xterm-256color'), ('GNOME_DESKTOP_SESSION_ID', 'this-is-deprecated'), ('ROS_LOCALHOST_ONLY', '0'), ('PATH', '/opt/ros/humble/bin:/home/omarwaleed/.local/bin:/usr/local/sbin:/usr/local/bin:/usr/sbin:/usr/bin:/sbin:/bin:/usr/games:/usr/local/games:/snap/bin:/snap/bin'), ('SESSION_MANAGER', 'local/omarwaleed-Lenovo-ideapad-330-15IKB:@/tmp/.ICE-unix/1931,unix/omarwaleed-Lenovo-ideapad-330-15IKB:/tmp/.ICE-unix/1931'), ('XDG_MENU_PREFIX', 'gnome-'), ('LC_ADDRESS', 'ar_EG.UTF-8'), ('GNOME_TERMINAL_SCREEN', '/org/gnome/Terminal/screen/13dfdae7_279b_47a7_b6c8_aedfdca49311'), ('GNOME_SETUP_DISPLAY', ':1'), ('XDG_RUNTIME_DIR', '/run/user/1000'), ('DISPLAY', ':0'), ('LANG', 'en_US.UTF-8'), ('XDG_CURRENT_DESKTOP', 'ubuntu:GNOME'), ('LC_TELEPHONE', 'ar_EG.UTF-8'), ('XMODIFIERS', '@im=ibus'), ('XDG_SESSION_DESKTOP', 'ubuntu'), ('XAUTHORITY', '/run/user/1000/.mutter-Xwaylandauth.K9H6U2'), ('LS_COLORS', 'rs=0:di=01;34:ln=01;36:mh=00:pi=40;33:so=01;35:do=01;35:bd=40;33;01:cd=40;33;01:or=40;31;01:mi=00:su=37;41:sg=30;43:ca=30;41:tw=30;42:ow=34;42:st=37;44:ex=01;32:*.tar=01;31:*.tgz=01;31:*.arc=01;31:*.arj=01;31:*.taz=01;31:*.lha=01;31:*.lz4=01;31:*.lzh=01;31:*.lzma=01;31:*.tlz=01;31:*.txz=01;31:*.tzo=01;31:*.t7z=01;31:*.zip=01;31:*.z=01;31:*.dz=01;31:*.gz=01;31:*.lrz=01;31:*.lz=01;31:*.lzo=01;31:*.xz=01;31:*.zst=01;31:*.tzst=01;31:*.bz2=01;31:*.bz=01;31:*.tbz=01;31:*.tbz2=01;31:*.tz=01;31:*.deb=01;31:*.rpm=01;31:*.jar=01;31:*.war=01;31:*.ear=01;31:*.sar=01;31:*.rar=01;31:*.alz=01;31:*.ace=01;31:*.zoo=01;31:*.cpio=01;31:*.7z=01;31:*.rz=01;31:*.cab=01;31:*.wim=01;31:*.swm=01;31:*.dwm=01;31:*.esd=01;31:*.jpg=01;35:*.jpeg=01;35:*.mjpg=01;35:*.mjpeg=01;35:*.gif=01;35:*.bmp=01;35:*.pbm=01;35:*.pgm=01;35:*.ppm=01;35:*.tga=01;35:*.xbm=01;35:*.xpm=01;35:*.tif=01;35:*.tiff=01;35:*.png=01;35:*.svg=01;35:*.svgz=01;35:*.mng=01;35:*.pcx=01;35:*.mov=01;35:*.mpg=01;35:*.mpeg=01;35:*.m2v=01;35:*.mkv=01;35:*.webm=01;35:*.webp=01;35:*.ogm=01;35:*.mp4=01;35:*.m4v=01;35:*.mp4v=01;35:*.vob=01;35:*.qt=01;35:*.nuv=01;35:*.wmv=01;35:*.asf=01;35:*.rm=01;35:*.rmvb=01;35:*.flc=01;35:*.avi=01;35:*.fli=01;35:*.flv=01;35:*.gl=01;35:*.dl=01;35:*.xcf=01;35:*.xwd=01;35:*.yuv=01;35:*.cgm=01;35:*.emf=01;35:*.ogv=01;35:*.ogx=01;35:*.aac=00;36:*.au=00;36:*.flac=00;36:*.m4a=00;36:*.mid=00;36:*.midi=00;36:*.mka=00;36:*.mp3=00;36:*.mpc=00;36:*.ogg=00;36:*.ra=00;36:*.wav=00;36:*.oga=00;36:*.opus=00;36:*.spx=00;36:*.xspf=00;36:'), ('GNOME_TERMINAL_SERVICE', ':1.93'), ('SSH_AGENT_LAUNCHER', 'gnome-keyring'), ('SSH_AUTH_SOCK', '/run/user/1000/keyring/ssh'), ('AMENT_PREFIX_PATH', '/home/omarwaleed/turtle_catch_ws/install/turtle_catch:/opt/ros/humble'), ('SHELL', '/bin/bash'), ('LC_NAME', 'ar_EG.UTF-8'), ('QT_ACCESSIBILITY', '1'), ('GDMSESSION', 'ubuntu'), ('LESSCLOSE', '/usr/bin/lesspipe %s %s'), ('LC_MEASUREMENT', 'ar_EG.UTF-8'), ('LC_IDENTIFICATION', 'ar_EG.UTF-8'), ('QT_IM_MODULE', 'ibus'), ('PWD', '/home/omarwaleed/Desktop/project/component/Torpedo-ROVER/web-gui/build/rosbridge_test_msgs'), ('LC_ALL', 'en_US.UTF-8'), ('XDG_CONFIG_DIRS', '/etc/xdg/xdg-ubuntu:/etc/xdg'), ('DBUS_STARTER_ADDRESS', 'unix:path=/run/user/1000/bus,guid=4280bead789e683c8cb8a1f167079189'), ('XDG_DATA_DIRS', '/usr/share/ubuntu:/usr/local/share/:/usr/share/:/var/lib/snapd/desktop'), ('PYTHONPATH', '/home/omarwaleed/turtle_catch_ws/build/turtle_catch:/home/omarwaleed/turtle_catch_ws/install/turtle_catch/lib/python3.10/site-packages:/opt/ros/humble/lib/python3.10/site-packages:/opt/ros/humble/local/lib/python3.10/dist-packages'), ('LC_NUMERIC', 'ar_EG.UTF-8'), ('LC_PAPER', 'ar_EG.UTF-8'), ('COLCON', '1'), ('VTE_VERSION', '6800'), ('CMAKE_PREFIX_PATH', '/home/omarwaleed/turtle_catch_ws/install/turtle_catch:/opt/ros/humble')]), 'shell': False}
[0.047286] (rosapi_msgs) JobProgress: {'identifier': 'rosapi_msgs', 'progress': 'cmake'}
[0.047534] (rosapi_msgs) Command: {'cmd': ['/usr/bin/cmake', '/home/omarwaleed/Desktop/project/component/Torpedo-ROVER/web-gui/rosbridge_suite/rosapi_msgs', '-DCMAKE_INSTALL_PREFIX=/home/omarwaleed/Desktop/project/component/Torpedo-ROVER/web-gui/install/rosapi_msgs'], 'cwd': '/home/omarwaleed/Desktop/project/component/Torpedo-ROVER/web-gui/build/rosapi_msgs', 'env': OrderedDict([('LESSOPEN', '| /usr/bin/lesspipe %s'), ('USER', 'omarwaleed'), ('LC_TIME', 'ar_EG.UTF-8'), ('XDG_SESSION_TYPE', 'wayland'), ('SHLVL', '1'), ('LD_LIBRARY_PATH', '/opt/ros/humble/opt/rviz_ogre_vendor/lib:/opt/ros/humble/lib/x86_64-linux-gnu:/opt/ros/humble/lib'), ('HOME', '/home/omarwaleed'), ('DESKTOP_SESSION', 'ubuntu'), ('ROS_PYTHON_VERSION', '3'), ('GNOME_SHELL_SESSION_MODE', 'ubuntu'), ('GTK_MODULES', 'gail:atk-bridge'), ('LC_MONETARY', 'ar_EG.UTF-8'), ('DBUS_STARTER_BUS_TYPE', 'session'), ('SYSTEMD_EXEC_PID', '1931'), ('DBUS_SESSION_BUS_ADDRESS', 'unix:path=/run/user/1000/bus,guid=4280bead789e683c8cb8a1f167079189'), ('COLORTERM', 'truecolor'), ('IM_CONFIG_PHASE', '1'), ('WAYLAND_DISPLAY', 'wayland-0'), ('COLCON_PREFIX_PATH', '/home/omarwaleed/turtle_catch_ws/install'), ('ROS_DISTRO', 'humble'), ('LOGNAME', 'omarwaleed'), ('_', '/usr/bin/colcon'), ('ROS_VERSION', '2'), ('XDG_SESSION_CLASS', 'user'), ('USERNAME', 'omarwaleed'), ('TERM', 'xterm-256color'), ('GNOME_DESKTOP_SESSION_ID', 'this-is-deprecated'), ('ROS_LOCALHOST_ONLY', '0'), ('PATH', '/opt/ros/humble/bin:/home/omarwaleed/.local/bin:/usr/local/sbin:/usr/local/bin:/usr/sbin:/usr/bin:/sbin:/bin:/usr/games:/usr/local/games:/snap/bin:/snap/bin'), ('SESSION_MANAGER', 'local/omarwaleed-Lenovo-ideapad-330-15IKB:@/tmp/.ICE-unix/1931,unix/omarwaleed-Lenovo-ideapad-330-15IKB:/tmp/.ICE-unix/1931'), ('XDG_MENU_PREFIX', 'gnome-'), ('LC_ADDRESS', 'ar_EG.UTF-8'), ('GNOME_TERMINAL_SCREEN', '/org/gnome/Terminal/screen/13dfdae7_279b_47a7_b6c8_aedfdca49311'), ('GNOME_SETUP_DISPLAY', ':1'), ('XDG_RUNTIME_DIR', '/run/user/1000'), ('DISPLAY', ':0'), ('LANG', 'en_US.UTF-8'), ('XDG_CURRENT_DESKTOP', 'ubuntu:GNOME'), ('LC_TELEPHONE', 'ar_EG.UTF-8'), ('XMODIFIERS', '@im=ibus'), ('XDG_SESSION_DESKTOP', 'ubuntu'), ('XAUTHORITY', '/run/user/1000/.mutter-Xwaylandauth.K9H6U2'), ('LS_COLORS', 'rs=0:di=01;34:ln=01;36:mh=00:pi=40;33:so=01;35:do=01;35:bd=40;33;01:cd=40;33;01:or=40;31;01:mi=00:su=37;41:sg=30;43:ca=30;41:tw=30;42:ow=34;42:st=37;44:ex=01;32:*.tar=01;31:*.tgz=01;31:*.arc=01;31:*.arj=01;31:*.taz=01;31:*.lha=01;31:*.lz4=01;31:*.lzh=01;31:*.lzma=01;31:*.tlz=01;31:*.txz=01;31:*.tzo=01;31:*.t7z=01;31:*.zip=01;31:*.z=01;31:*.dz=01;31:*.gz=01;31:*.lrz=01;31:*.lz=01;31:*.lzo=01;31:*.xz=01;31:*.zst=01;31:*.tzst=01;31:*.bz2=01;31:*.bz=01;31:*.tbz=01;31:*.tbz2=01;31:*.tz=01;31:*.deb=01;31:*.rpm=01;31:*.jar=01;31:*.war=01;31:*.ear=01;31:*.sar=01;31:*.rar=01;31:*.alz=01;31:*.ace=01;31:*.zoo=01;31:*.cpio=01;31:*.7z=01;31:*.rz=01;31:*.cab=01;31:*.wim=01;31:*.swm=01;31:*.dwm=01;31:*.esd=01;31:*.jpg=01;35:*.jpeg=01;35:*.mjpg=01;35:*.mjpeg=01;35:*.gif=01;35:*.bmp=01;35:*.pbm=01;35:*.pgm=01;35:*.ppm=01;35:*.tga=01;35:*.xbm=01;35:*.xpm=01;35:*.tif=01;35:*.tiff=01;35:*.png=01;35:*.svg=01;35:*.svgz=01;35:*.mng=01;35:*.pcx=01;35:*.mov=01;35:*.mpg=01;35:*.mpeg=01;35:*.m2v=01;35:*.mkv=01;35:*.webm=01;35:*.webp=01;35:*.ogm=01;35:*.mp4=01;35:*.m4v=01;35:*.mp4v=01;35:*.vob=01;35:*.qt=01;35:*.nuv=01;35:*.wmv=01;35:*.asf=01;35:*.rm=01;35:*.rmvb=01;35:*.flc=01;35:*.avi=01;35:*.fli=01;35:*.flv=01;35:*.gl=01;35:*.dl=01;35:*.xcf=01;35:*.xwd=01;35:*.yuv=01;35:*.cgm=01;35:*.emf=01;35:*.ogv=01;35:*.ogx=01;35:*.aac=00;36:*.au=00;36:*.flac=00;36:*.m4a=00;36:*.mid=00;36:*.midi=00;36:*.mka=00;36:*.mp3=00;36:*.mpc=00;36:*.ogg=00;36:*.ra=00;36:*.wav=00;36:*.oga=00;36:*.opus=00;36:*.spx=00;36:*.xspf=00;36:'), ('GNOME_TERMINAL_SERVICE', ':1.93'), ('SSH_AGENT_LAUNCHER', 'gnome-keyring'), ('SSH_AUTH_SOCK', '/run/user/1000/keyring/ssh'), ('AMENT_PREFIX_PATH', '/home/omarwaleed/turtle_catch_ws/install/turtle_catch:/opt/ros/humble'), ('SHELL', '/bin/bash'), ('LC_NAME', 'ar_EG.UTF-8'), ('QT_ACCESSIBILITY', '1'), ('GDMSESSION', 'ubuntu'), ('LESSCLOSE', '/usr/bin/lesspipe %s %s'), ('LC_MEASUREMENT', 'ar_EG.UTF-8'), ('LC_IDENTIFICATION', 'ar_EG.UTF-8'), ('QT_IM_MODULE', 'ibus'), ('PWD', '/home/omarwaleed/Desktop/project/component/Torpedo-ROVER/web-gui/build/rosapi_msgs'), ('LC_ALL', 'en_US.UTF-8'), ('XDG_CONFIG_DIRS', '/etc/xdg/xdg-ubuntu:/etc/xdg'), ('DBUS_STARTER_ADDRESS', 'unix:path=/run/user/1000/bus,guid=4280bead789e683c8cb8a1f167079189'), ('XDG_DATA_DIRS', '/usr/share/ubuntu:/usr/local/share/:/usr/share/:/var/lib/snapd/desktop'), ('PYTHONPATH', '/home/omarwaleed/turtle_catch_ws/build/turtle_catch:/home/omarwaleed/turtle_catch_ws/install/turtle_catch/lib/python3.10/site-packages:/opt/ros/humble/lib/python3.10/site-packages:/opt/ros/humble/local/lib/python3.10/dist-packages'), ('LC_NUMERIC', 'ar_EG.UTF-8'), ('LC_PAPER', 'ar_EG.UTF-8'), ('COLCON', '1'), ('VTE_VERSION', '6800'), ('CMAKE_PREFIX_PATH', '/home/omarwaleed/turtle_catch_ws/install/turtle_catch:/opt/ros/humble')]), 'shell': False}
[0.051304] (rosbridge_msgs) JobProgress: {'identifier': 'rosbridge_msgs', 'progress': 'cmake'}
[0.051701] (rosbridge_msgs) Command: {'cmd': ['/usr/bin/cmake', '/home/omarwaleed/Desktop/project/component/Torpedo-ROVER/web-gui/rosbridge_suite/rosbridge_msgs', '-DCMAKE_INSTALL_PREFIX=/home/omarwaleed/Desktop/project/component/Torpedo-ROVER/web-gui/install/rosbridge_msgs'], 'cwd': '/home/omarwaleed/Desktop/project/component/Torpedo-ROVER/web-gui/build/rosbridge_msgs', 'env': OrderedDict([('LESSOPEN', '| /usr/bin/lesspipe %s'), ('USER', 'omarwaleed'), ('LC_TIME', 'ar_EG.UTF-8'), ('XDG_SESSION_TYPE', 'wayland'), ('SHLVL', '1'), ('LD_LIBRARY_PATH', '/opt/ros/humble/opt/rviz_ogre_vendor/lib:/opt/ros/humble/lib/x86_64-linux-gnu:/opt/ros/humble/lib'), ('HOME', '/home/omarwaleed'), ('DESKTOP_SESSION', 'ubuntu'), ('ROS_PYTHON_VERSION', '3'), ('GNOME_SHELL_SESSION_MODE', 'ubuntu'), ('GTK_MODULES', 'gail:atk-bridge'), ('LC_MONETARY', 'ar_EG.UTF-8'), ('DBUS_STARTER_BUS_TYPE', 'session'), ('SYSTEMD_EXEC_PID', '1931'), ('DBUS_SESSION_BUS_ADDRESS', 'unix:path=/run/user/1000/bus,guid=4280bead789e683c8cb8a1f167079189'), ('COLORTERM', 'truecolor'), ('IM_CONFIG_PHASE', '1'), ('WAYLAND_DISPLAY', 'wayland-0'), ('COLCON_PREFIX_PATH', '/home/omarwaleed/turtle_catch_ws/install'), ('ROS_DISTRO', 'humble'), ('LOGNAME', 'omarwaleed'), ('_', '/usr/bin/colcon'), ('ROS_VERSION', '2'), ('XDG_SESSION_CLASS', 'user'), ('USERNAME', 'omarwaleed'), ('TERM', 'xterm-256color'), ('GNOME_DESKTOP_SESSION_ID', 'this-is-deprecated'), ('ROS_LOCALHOST_ONLY', '0'), ('PATH', '/opt/ros/humble/bin:/home/omarwaleed/.local/bin:/usr/local/sbin:/usr/local/bin:/usr/sbin:/usr/bin:/sbin:/bin:/usr/games:/usr/local/games:/snap/bin:/snap/bin'), ('SESSION_MANAGER', 'local/omarwaleed-Lenovo-ideapad-330-15IKB:@/tmp/.ICE-unix/1931,unix/omarwaleed-Lenovo-ideapad-330-15IKB:/tmp/.ICE-unix/1931'), ('XDG_MENU_PREFIX', 'gnome-'), ('LC_ADDRESS', 'ar_EG.UTF-8'), ('GNOME_TERMINAL_SCREEN', '/org/gnome/Terminal/screen/13dfdae7_279b_47a7_b6c8_aedfdca49311'), ('GNOME_SETUP_DISPLAY', ':1'), ('XDG_RUNTIME_DIR', '/run/user/1000'), ('DISPLAY', ':0'), ('LANG', 'en_US.UTF-8'), ('XDG_CURRENT_DESKTOP', 'ubuntu:GNOME'), ('LC_TELEPHONE', 'ar_EG.UTF-8'), ('XMODIFIERS', '@im=ibus'), ('XDG_SESSION_DESKTOP', 'ubuntu'), ('XAUTHORITY', '/run/user/1000/.mutter-Xwaylandauth.K9H6U2'), ('LS_COLORS', 'rs=0:di=01;34:ln=01;36:mh=00:pi=40;33:so=01;35:do=01;35:bd=40;33;01:cd=40;33;01:or=40;31;01:mi=00:su=37;41:sg=30;43:ca=30;41:tw=30;42:ow=34;42:st=37;44:ex=01;32:*.tar=01;31:*.tgz=01;31:*.arc=01;31:*.arj=01;31:*.taz=01;31:*.lha=01;31:*.lz4=01;31:*.lzh=01;31:*.lzma=01;31:*.tlz=01;31:*.txz=01;31:*.tzo=01;31:*.t7z=01;31:*.zip=01;31:*.z=01;31:*.dz=01;31:*.gz=01;31:*.lrz=01;31:*.lz=01;31:*.lzo=01;31:*.xz=01;31:*.zst=01;31:*.tzst=01;31:*.bz2=01;31:*.bz=01;31:*.tbz=01;31:*.tbz2=01;31:*.tz=01;31:*.deb=01;31:*.rpm=01;31:*.jar=01;31:*.war=01;31:*.ear=01;31:*.sar=01;31:*.rar=01;31:*.alz=01;31:*.ace=01;31:*.zoo=01;31:*.cpio=01;31:*.7z=01;31:*.rz=01;31:*.cab=01;31:*.wim=01;31:*.swm=01;31:*.dwm=01;31:*.esd=01;31:*.jpg=01;35:*.jpeg=01;35:*.mjpg=01;35:*.mjpeg=01;35:*.gif=01;35:*.bmp=01;35:*.pbm=01;35:*.pgm=01;35:*.ppm=01;35:*.tga=01;35:*.xbm=01;35:*.xpm=01;35:*.tif=01;35:*.tiff=01;35:*.png=01;35:*.svg=01;35:*.svgz=01;35:*.mng=01;35:*.pcx=01;35:*.mov=01;35:*.mpg=01;35:*.mpeg=01;35:*.m2v=01;35:*.mkv=01;35:*.webm=01;35:*.webp=01;35:*.ogm=01;35:*.mp4=01;35:*.m4v=01;35:*.mp4v=01;35:*.vob=01;35:*.qt=01;35:*.nuv=01;35:*.wmv=01;35:*.asf=01;35:*.rm=01;35:*.rmvb=01;35:*.flc=01;35:*.avi=01;35:*.fli=01;35:*.flv=01;35:*.gl=01;35:*.dl=01;35:*.xcf=01;35:*.xwd=01;35:*.yuv=01;35:*.cgm=01;35:*.emf=01;35:*.ogv=01;35:*.ogx=01;35:*.aac=00;36:*.au=00;36:*.flac=00;36:*.m4a=00;36:*.mid=00;36:*.midi=00;36:*.mka=00;36:*.mp3=00;36:*.mpc=00;36:*.ogg=00;36:*.ra=00;36:*.wav=00;36:*.oga=00;36:*.opus=00;36:*.spx=00;36:*.xspf=00;36:'), ('GNOME_TERMINAL_SERVICE', ':1.93'), ('SSH_AGENT_LAUNCHER', 'gnome-keyring'), ('SSH_AUTH_SOCK', '/run/user/1000/keyring/ssh'), ('AMENT_PREFIX_PATH', '/home/omarwaleed/turtle_catch_ws/install/turtle_catch:/opt/ros/humble'), ('SHELL', '/bin/bash'), ('LC_NAME', 'ar_EG.UTF-8'), ('QT_ACCESSIBILITY', '1'), ('GDMSESSION', 'ubuntu'), ('LESSCLOSE', '/usr/bin/lesspipe %s %s'), ('LC_MEASUREMENT', 'ar_EG.UTF-8'), ('LC_IDENTIFICATION', 'ar_EG.UTF-8'), ('QT_IM_MODULE', 'ibus'), ('PWD', '/home/omarwaleed/Desktop/project/component/Torpedo-ROVER/web-gui/build/rosbridge_msgs'), ('LC_ALL', 'en_US.UTF-8'), ('XDG_CONFIG_DIRS', '/etc/xdg/xdg-ubuntu:/etc/xdg'), ('DBUS_STARTER_ADDRESS', 'unix:path=/run/user/1000/bus,guid=4280bead789e683c8cb8a1f167079189'), ('XDG_DATA_DIRS', '/usr/share/ubuntu:/usr/local/share/:/usr/share/:/var/lib/snapd/desktop'), ('PYTHONPATH', '/home/omarwaleed/turtle_catch_ws/build/turtle_catch:/home/omarwaleed/turtle_catch_ws/install/turtle_catch/lib/python3.10/site-packages:/opt/ros/humble/lib/python3.10/site-packages:/opt/ros/humble/local/lib/python3.10/dist-packages'), ('LC_NUMERIC', 'ar_EG.UTF-8'), ('LC_PAPER', 'ar_EG.UTF-8'), ('COLCON', '1'), ('VTE_VERSION', '6800'), ('CMAKE_PREFIX_PATH', '/home/omarwaleed/turtle_catch_ws/install/turtle_catch:/opt/ros/humble')]), 'shell': False}
[0.101706] (-) TimerEvent: {}
[0.202393] (-) TimerEvent: {}
[0.303132] (-) TimerEvent: {}
[0.403634] (-) TimerEvent: {}
[0.503991] (-) TimerEvent: {}
[0.604273] (-) TimerEvent: {}
[0.704612] (-) TimerEvent: {}
[0.804973] (-) TimerEvent: {}
[0.905497] (-) TimerEvent: {}
[1.005873] (-) TimerEvent: {}
[1.106167] (-) TimerEvent: {}
[1.206609] (-) TimerEvent: {}
[1.306850] (-) TimerEvent: {}
[1.396381] (rosbridge_test_msgs) StdoutLine: {'line': b'-- The C compiler identification is GNU 11.4.0\n'}
[1.396671] (rosapi_msgs) StdoutLine: {'line': b'-- The C compiler identification is GNU 11.4.0\n'}
[1.397429] (rosbridge_msgs) StdoutLine: {'line': b'-- The C compiler identification is GNU 11.4.0\n'}
[1.407032] (-) TimerEvent: {}
[1.507658] (-) TimerEvent: {}
[1.608054] (-) TimerEvent: {}
[1.708474] (-) TimerEvent: {}
[1.808967] (-) TimerEvent: {}
[1.909287] (-) TimerEvent: {}
[1.974187] (rosbridge_test_msgs) StdoutLine: {'line': b'-- The CXX compiler identification is GNU 11.4.0\n'}
[1.974998] (rosbridge_msgs) StdoutLine: {'line': b'-- The CXX compiler identification is GNU 11.4.0\n'}
[1.976163] (rosapi_msgs) StdoutLine: {'line': b'-- The CXX compiler identification is GNU 11.4.0\n'}
[1.987279] (rosbridge_test_msgs) StdoutLine: {'line': b'-- Detecting C compiler ABI info\n'}
[1.988038] (rosbridge_msgs) StdoutLine: {'line': b'-- Detecting C compiler ABI info\n'}
[1.988187] (rosapi_msgs) StdoutLine: {'line': b'-- Detecting C compiler ABI info\n'}
[2.009392] (-) TimerEvent: {}
[2.109698] (-) TimerEvent: {}
[2.153291] (rosbridge_test_msgs) StdoutLine: {'line': b'-- Detecting C compiler ABI info - done\n'}
[2.157671] (rosapi_msgs) StdoutLine: {'line': b'-- Detecting C compiler ABI info - done\n'}
[2.158297] (rosbridge_msgs) StdoutLine: {'line': b'-- Detecting C compiler ABI info - done\n'}
[2.165101] (rosbridge_test_msgs) StdoutLine: {'line': b'-- Check for working C compiler: /usr/bin/cc - skipped\n'}
[2.165613] (rosbridge_test_msgs) StdoutLine: {'line': b'-- Detecting C compile features\n'}
[2.170032] (rosapi_msgs) StdoutLine: {'line': b'-- Check for working C compiler: /usr/bin/cc - skipped\n'}
[2.170320] (rosapi_msgs) StdoutLine: {'line': b'-- Detecting C compile features\n'}
[2.178552] (rosbridge_msgs) StdoutLine: {'line': b'-- Check for working C compiler: /usr/bin/cc - skipped\n'}
[2.178823] (rosbridge_msgs) StdoutLine: {'line': b'-- Detecting C compile features\n'}
[2.180081] (rosapi_msgs) StdoutLine: {'line': b'-- Detecting C compile features - done\n'}
[2.180474] (rosbridge_test_msgs) StdoutLine: {'line': b'-- Detecting C compile features - done\n'}
[2.180689] (rosbridge_msgs) StdoutLine: {'line': b'-- Detecting C compile features - done\n'}
[2.186112] (rosbridge_msgs) StdoutLine: {'line': b'-- Detecting CXX compiler ABI info\n'}
[2.186375] (rosapi_msgs) StdoutLine: {'line': b'-- Detecting CXX compiler ABI info\n'}
[2.188478] (rosbridge_test_msgs) StdoutLine: {'line': b'-- Detecting CXX compiler ABI info\n'}
[2.209838] (-) TimerEvent: {}
[2.312323] (-) TimerEvent: {}
[2.365112] (rosbridge_msgs) StdoutLine: {'line': b'-- Detecting CXX compiler ABI info - done\n'}
[2.374397] (rosapi_msgs) StdoutLine: {'line': b'-- Detecting CXX compiler ABI info - done\n'}
[2.389352] (rosapi_msgs) StdoutLine: {'line': b'-- Check for working CXX compiler: /usr/bin/c++ - skipped\n'}
[2.389608] (rosapi_msgs) StdoutLine: {'line': b'-- Detecting CXX compile features\n'}
[2.390830] (rosapi_msgs) StdoutLine: {'line': b'-- Detecting CXX compile features - done\n'}
[2.391023] (rosbridge_test_msgs) StdoutLine: {'line': b'-- Detecting CXX compiler ABI info - done\n'}
[2.393286] (rosbridge_msgs) StdoutLine: {'line': b'-- Check for working CXX compiler: /usr/bin/c++ - skipped\n'}
[2.394416] (rosbridge_msgs) StdoutLine: {'line': b'-- Detecting CXX compile features\n'}
[2.395005] (rosbridge_msgs) StdoutLine: {'line': b'-- Detecting CXX compile features - done\n'}
[2.408298] (rosbridge_test_msgs) StdoutLine: {'line': b'-- Check for working CXX compiler: /usr/bin/c++ - skipped\n'}
[2.408812] (rosbridge_test_msgs) StdoutLine: {'line': b'-- Detecting CXX compile features\n'}
[2.409578] (rosbridge_test_msgs) StdoutLine: {'line': b'-- Detecting CXX compile features - done\n'}
[2.412687] (-) TimerEvent: {}
[2.514629] (-) TimerEvent: {}
[2.614975] (-) TimerEvent: {}
[2.660366] (rosapi_msgs) StdoutLine: {'line': b'-- Found ament_cmake_ros: 0.10.0 (/opt/ros/humble/share/ament_cmake_ros/cmake)\n'}
[2.660716] (rosbridge_msgs) StdoutLine: {'line': b'-- Found ament_cmake_ros: 0.10.0 (/opt/ros/humble/share/ament_cmake_ros/cmake)\n'}
[2.672311] (rosbridge_test_msgs) StdoutLine: {'line': b'-- Found ament_cmake_core: 1.3.10 (/opt/ros/humble/share/ament_cmake_core/cmake)\n'}
[2.715085] (-) TimerEvent: {}
[2.815365] (-) TimerEvent: {}
[2.915670] (-) TimerEvent: {}
[2.947396] (rosbridge_test_msgs) StdoutLine: {'line': b'-- Found Python3: /usr/bin/python3 (found version "3.10.12") found components: Interpreter \n'}
[2.959282] (rosbridge_msgs) StdoutLine: {'line': b'-- Found Python3: /usr/bin/python3 (found version "3.10.12") found components: Interpreter \n'}
[2.975153] (rosapi_msgs) StdoutLine: {'line': b'-- Found Python3: /usr/bin/python3 (found version "3.10.12") found components: Interpreter \n'}
[3.015783] (-) TimerEvent: {}
[3.110202] (rosbridge_test_msgs) StdoutLine: {'line': b'-- Found ament_cmake_python: 1.3.10 (/opt/ros/humble/share/ament_cmake_python/cmake)\n'}
[3.115901] (-) TimerEvent: {}
[3.153074] (rosbridge_test_msgs) StdoutLine: {'line': b'-- Found builtin_interfaces: 1.2.1 (/opt/ros/humble/share/builtin_interfaces/cmake)\n'}
[3.216103] (-) TimerEvent: {}
[3.316390] (-) TimerEvent: {}
[3.388948] (rosbridge_msgs) StdoutLine: {'line': b'-- Found builtin_interfaces: 1.2.1 (/opt/ros/humble/share/builtin_interfaces/cmake)\n'}
[3.389594] (rosapi_msgs) StdoutLine: {'line': b'-- Found builtin_interfaces: 1.2.1 (/opt/ros/humble/share/builtin_interfaces/cmake)\n'}
[3.416494] (-) TimerEvent: {}
[3.516843] (-) TimerEvent: {}
[3.534025] (rosapi_msgs) StdoutLine: {'line': b'-- Found rosidl_generator_c: 3.1.5 (/opt/ros/humble/share/rosidl_generator_c/cmake)\n'}
[3.534314] (rosbridge_test_msgs) StdoutLine: {'line': b'-- Found rosidl_generator_c: 3.1.5 (/opt/ros/humble/share/rosidl_generator_c/cmake)\n'}
[3.534468] (rosbridge_msgs) StdoutLine: {'line': b'-- Found rosidl_generator_c: 3.1.5 (/opt/ros/humble/share/rosidl_generator_c/cmake)\n'}
[3.591562] (rosapi_msgs) StdoutLine: {'line': b'-- Found rosidl_adapter: 3.1.5 (/opt/ros/humble/share/rosidl_adapter/cmake)\n'}
[3.591792] (rosbridge_msgs) StdoutLine: {'line': b'-- Found rosidl_adapter: 3.1.5 (/opt/ros/humble/share/rosidl_adapter/cmake)\n'}
[3.591966] (rosbridge_test_msgs) StdoutLine: {'line': b'-- Found rosidl_adapter: 3.1.5 (/opt/ros/humble/share/rosidl_adapter/cmake)\n'}
[3.618293] (-) TimerEvent: {}
[3.641493] (rosapi_msgs) StdoutLine: {'line': b'-- Found rosidl_generator_cpp: 3.1.5 (/opt/ros/humble/share/rosidl_generator_cpp/cmake)\n'}
[3.641818] (rosbridge_msgs) StdoutLine: {'line': b'-- Found rosidl_generator_cpp: 3.1.5 (/opt/ros/humble/share/rosidl_generator_cpp/cmake)\n'}
[3.645725] (rosbridge_test_msgs) StdoutLine: {'line': b'-- Found rosidl_generator_cpp: 3.1.5 (/opt/ros/humble/share/rosidl_generator_cpp/cmake)\n'}
[3.718388] (-) TimerEvent: {}
[3.742185] (rosbridge_msgs) StdoutLine: {'line': b'-- Using all available rosidl_typesupport_c: rosidl_typesupport_fastrtps_c;rosidl_typesupport_introspection_c\n'}
[3.742392] (rosapi_msgs) StdoutLine: {'line': b'-- Using all available rosidl_typesupport_c: rosidl_typesupport_fastrtps_c;rosidl_typesupport_introspection_c\n'}
[3.742529] (rosbridge_test_msgs) StdoutLine: {'line': b'-- Using all available rosidl_typesupport_c: rosidl_typesupport_fastrtps_c;rosidl_typesupport_introspection_c\n'}
[3.818652] (-) TimerEvent: {}
[3.840407] (rosbridge_test_msgs) StdoutLine: {'line': b'-- Using all available rosidl_typesupport_cpp: rosidl_typesupport_fastrtps_cpp;rosidl_typesupport_introspection_cpp\n'}
[3.840732] (rosbridge_msgs) StdoutLine: {'line': b'-- Using all available rosidl_typesupport_cpp: rosidl_typesupport_fastrtps_cpp;rosidl_typesupport_introspection_cpp\n'}
[3.840928] (rosapi_msgs) StdoutLine: {'line': b'-- Using all available rosidl_typesupport_cpp: rosidl_typesupport_fastrtps_cpp;rosidl_typesupport_introspection_cpp\n'}
[3.918769] (-) TimerEvent: {}
[3.952265] (rosbridge_test_msgs) StdoutLine: {'line': b'-- Found geometry_msgs: 4.2.4 (/opt/ros/humble/share/geometry_msgs/cmake)\n'}
[3.985999] (rosapi_msgs) StdoutLine: {'line': b'-- Found rosidl_default_generators: 1.2.0 (/opt/ros/humble/share/rosidl_default_generators/cmake)\n'}
[3.986522] (rosbridge_msgs) StdoutLine: {'line': b'-- Found rosidl_default_generators: 1.2.0 (/opt/ros/humble/share/rosidl_default_generators/cmake)\n'}
[4.018862] (-) TimerEvent: {}
[4.090358] (rosbridge_test_msgs) StdoutLine: {'line': b'-- Found rosidl_default_generators: 1.2.0 (/opt/ros/humble/share/rosidl_default_generators/cmake)\n'}
[4.118968] (-) TimerEvent: {}
[4.219302] (-) TimerEvent: {}
[4.319611] (-) TimerEvent: {}
[4.421298] (-) TimerEvent: {}
[4.525309] (-) TimerEvent: {}
[4.553159] (rosbridge_msgs) CommandEnded: {'returncode': -2}
[4.625422] (-) TimerEvent: {}
[4.657276] (rosbridge_msgs) StderrLine: {'line': b'Traceback (most recent call last):\n  File "/usr/lib/python3/dist-packages/colcon_parallel_executor/executor/parallel.py", line 75, in execute\n    loop.run_until_complete(future)\n  File "/usr/lib/python3.10/asyncio/base_events.py", line 636, in run_until_complete\n    self.run_forever()\n  File "/usr/lib/python3.10/asyncio/base_events.py", line 603, in run_forever\n    self._run_once()\n  File "/usr/lib/python3.10/asyncio/base_events.py", line 1871, in _run_once\n    event_list = self._selector.select(timeout)\n  File "/usr/lib/python3.10/selectors.py", line 469, in select\n    fd_event_list = self._selector.poll(timeout, max_ev)\nKeyboardInterrupt\n\nDuring handling of the above exception, another exception occurred:\n\nTraceback (most recent call last):\n  File "/usr/lib/python3/dist-packages/colcon_core/executor/__init__.py", line 91, in __call__\n    rc = await self.task(*args, **kwargs)\n  File "/usr/lib/python3/dist-packages/colcon_core/task/__init__.py", line 93, in __call__\n    return await task_method(*args, **kwargs)\n  File "/usr/lib/python3/dist-packages/colcon_ros/task/ament_cmake/build.py", line 59, in build\n    rc = await extension.build(\n  File "/usr/lib/python3/dist-packages/colcon_cmake/task/cmake/build.py", line 87, in build\n    rc = await self._reconfigure(args, env)\n  File "/usr/lib/python3/dist-packages/colcon_cmake/task/cmake/build.py", line 182, in _reconfigure\n    buildfile = get_buildfile(cmake_cache)\n  File "/usr/lib/python3/dist-packages/colcon_cmake/task/cmake/__init__.py", line 114, in get_buildfile\n    if \'Visual Studio\' in generator:\nTypeError: argument of type \'NoneType\' is not iterable\n'}
[4.658203] (rosbridge_msgs) JobEnded: {'identifier': 'rosbridge_msgs', 'rc': 'SIGINT'}
[4.660655] (rosapi_msgs) JobEnded: {'identifier': 'rosapi_msgs', 'rc': 'SIGINT'}
[4.661388] (rosbridge_test_msgs) JobEnded: {'identifier': 'rosbridge_test_msgs', 'rc': 'SIGINT'}
[4.671235] (rosbridge_library) JobSkipped: {'identifier': 'rosbridge_library'}
[4.671408] (rosapi) JobSkipped: {'identifier': 'rosapi'}
[4.671556] (rosbridge_server) JobSkipped: {'identifier': 'rosbridge_server'}
[4.671635] (rosbridge_suite) JobSkipped: {'identifier': 'rosbridge_suite'}
[4.671706] (-) EventReactorShutdown: {}
